Exporter version: 2.80.1, Blender version: 2.92.0
========= Conversion from Blender to Babylon.js =========
	Scene settings used :
		Inline textures     :  false
		Material Type       :  STD
		Positions Precision :  4
		Normals Precision   :  3
		UVs Precision       :  3
		Vert Color Precision:  3
		Mat Weight Precision:  2
		Keep Z-up r-handed  :  no
		Texture directory   :  C:\Users\espin\OneDrive\Documentos\viniciusEspinosa\Academico\Faculdade\setimosemestre\CompGraf\Exercicios\AF\models\
	Python World class constructor completed
	processing begun of camera (UniversalCamera):  Camera
	processing begun of mesh:  Cubo.001
		processing begun of material:  Materiais.028
		num positions      :  29
		num normals        :  29
		num tangents       :  0
		num uvs            :  58
		num uvs2           :  0
		num colors         :  0
		num triangles      :  12
	processing begun of mesh:  Cubo.002
		processing begun of material:  Materiais.031
		num positions      :  29
		num normals        :  29
		num tangents       :  0
		num uvs            :  58
		num uvs2           :  0
		num colors         :  0
		num triangles      :  12
	processing begun of mesh:  Cubo.003
		processing begun of material:  Materiais.029
		num positions      :  29
		num normals        :  29
		num tangents       :  0
		num uvs            :  58
		num uvs2           :  0
		num colors         :  0
		num triangles      :  12
	processing begun of mesh:  chao2
		processing begun of material:  Materiais.030
		num positions      :  29
		num normals        :  29
		num tangents       :  0
		num uvs            :  58
		num uvs2           :  0
		num colors         :  0
		num triangles      :  12
	processing begun of mesh:  Cubo.005
		processing begun of material:  Materiais.034
		num positions      :  29
		num normals        :  29
		num tangents       :  0
		num uvs            :  58
		num uvs2           :  0
		num colors         :  0
		num triangles      :  12
	processing begun of mesh:  Cubo.006
		processing begun of material:  Materiais.035
		num positions      :  29
		num normals        :  29
		num tangents       :  0
		num uvs            :  58
		num uvs2           :  0
		num colors         :  0
		num triangles      :  12
	processing begun of mesh:  Cilindro
		processing begun of material:  Materiais.042
		num positions      :  309
		num normals        :  309
		num tangents       :  0
		num uvs            :  618
		num uvs2           :  0
		num colors         :  0
		num triangles      :  124
	processing begun of mesh:  Cilindro.001
		processing begun of material:  Materiais.046
		num positions      :  309
		num normals        :  309
		num tangents       :  0
		num uvs            :  618
		num uvs2           :  0
		num colors         :  0
		num triangles      :  124
	processing begun of mesh:  Cilindro.002
		processing begun of material:  Materiais.043
		num positions      :  309
		num normals        :  309
		num tangents       :  0
		num uvs            :  618
		num uvs2           :  0
		num colors         :  0
		num triangles      :  124
	processing begun of mesh:  Cilindro.003
		processing begun of material:  Materiais.044
		num positions      :  309
		num normals        :  309
		num tangents       :  0
		num uvs            :  618
		num uvs2           :  0
		num colors         :  0
		num triangles      :  124
	processing begun of mesh:  Cilindro.004
		processing begun of material:  Materiais.041
		num positions      :  309
		num normals        :  309
		num tangents       :  0
		num uvs            :  618
		num uvs2           :  0
		num colors         :  0
		num triangles      :  124
	processing begun of mesh:  Cilindro.005
		processing begun of material:  Materiais.045
		num positions      :  309
		num normals        :  309
		num tangents       :  0
		num uvs            :  618
		num uvs2           :  0
		num colors         :  0
		num triangles      :  124
	processing begun of mesh:  Cubo.007
		processing begun of material:  Materiais.047
		num positions      :  29
		num normals        :  29
		num tangents       :  0
		num uvs            :  58
		num uvs2           :  0
		num colors         :  0
		num triangles      :  12
	processing begun of mesh:  Cubo.008
		processing begun of material:  Materiais.027
		num positions      :  29
		num normals        :  29
		num tangents       :  0
		num uvs            :  58
		num uvs2           :  0
		num colors         :  0
		num triangles      :  12
	processing begun of mesh:  Cilindro.006
		processing begun of material:  Materiais.052
		num positions      :  237
		num normals        :  237
		num tangents       :  0
		num uvs            :  474
		num uvs2           :  0
		num colors         :  0
		num triangles      :  94
	processing begun of mesh:  Cubo.009
		processing begun of material:  Materiais.024
		num positions      :  29
		num normals        :  29
		num tangents       :  0
		num uvs            :  58
		num uvs2           :  0
		num colors         :  0
		num triangles      :  12
	processing begun of mesh:  Cubo.011
		processing begun of material:  Materiais.048
		num positions      :  29
		num normals        :  29
		num tangents       :  0
		num uvs            :  58
		num uvs2           :  0
		num colors         :  0
		num triangles      :  12
	processing begun of mesh:  Esfera UV
		WARNING: No materials have been assigned: 
		num positions      :  2593
		num normals        :  2593
		num tangents       :  0
		num uvs            :  5186
		num uvs2           :  0
		num colors         :  0
		num triangles      :  960
	processing begun of mesh:  Esfera UV.001
		WARNING: No materials have been assigned: 
		num positions      :  2593
		num normals        :  2593
		num tangents       :  0
		num uvs            :  5186
		num uvs2           :  0
		num colors         :  0
		num triangles      :  960
	processing begun of mesh:  Esfera UV.002
		WARNING: No materials have been assigned: 
		num positions      :  2593
		num normals        :  2593
		num tangents       :  0
		num uvs            :  5186
		num uvs2           :  0
		num colors         :  0
		num triangles      :  960
	processing begun of mesh:  Esfera UV.003
		WARNING: No materials have been assigned: 
		num positions      :  2593
		num normals        :  2593
		num tangents       :  0
		num uvs            :  5186
		num uvs2           :  0
		num colors         :  0
		num triangles      :  960
	processing begun of mesh:  Esfera UV.004
		WARNING: No materials have been assigned: 
		num positions      :  2593
		num normals        :  2593
		num tangents       :  0
		num uvs            :  5186
		num uvs2           :  0
		num colors         :  0
		num triangles      :  960
	processing begun of mesh:  Esfera UV.005
		WARNING: No materials have been assigned: 
		num positions      :  2593
		num normals        :  2593
		num tangents       :  0
		num uvs            :  5186
		num uvs2           :  0
		num colors         :  0
		num triangles      :  960
	processing begun of mesh:  Esfera UV.006
		WARNING: No materials have been assigned: 
		num positions      :  2593
		num normals        :  2593
		num tangents       :  0
		num uvs            :  5186
		num uvs2           :  0
		num colors         :  0
		num triangles      :  960
	processing begun of mesh:  Esfera UV.007
		processing begun of material:  Materiais.061
		num positions      :  2593
		num normals        :  2593
		num tangents       :  0
		num uvs            :  5186
		num uvs2           :  0
		num colors         :  0
		num triangles      :  960
	processing begun of mesh:  Esfera UV.008
		WARNING: No materials have been assigned: 
		num positions      :  2593
		num normals        :  2593
		num tangents       :  0
		num uvs            :  5186
		num uvs2           :  0
		num colors         :  0
		num triangles      :  960
	processing begun of mesh:  Esfera UV.009
		processing begun of material:  Materiais.058
		num positions      :  2593
		num normals        :  2593
		num tangents       :  0
		num uvs            :  5186
		num uvs2           :  0
		num colors         :  0
		num triangles      :  960
	processing begun of mesh:  Esfera UV.010
		WARNING: No materials have been assigned: 
		num positions      :  2593
		num normals        :  2593
		num tangents       :  0
		num uvs            :  5186
		num uvs2           :  0
		num colors         :  0
		num triangles      :  960
	processing begun of mesh:  Esfera UV.011
		WARNING: No materials have been assigned: 
		num positions      :  2593
		num normals        :  2593
		num tangents       :  0
		num uvs            :  5186
		num uvs2           :  0
		num colors         :  0
		num triangles      :  960
	processing begun of mesh:  Esfera UV.012
		WARNING: No materials have been assigned: 
		num positions      :  2593
		num normals        :  2593
		num tangents       :  0
		num uvs            :  5186
		num uvs2           :  0
		num colors         :  0
		num triangles      :  960
	processing begun of mesh:  Esfera UV.013
		WARNING: No materials have been assigned: 
		num positions      :  2593
		num normals        :  2593
		num tangents       :  0
		num uvs            :  5186
		num uvs2           :  0
		num colors         :  0
		num triangles      :  960
	processing begun of mesh:  Esfera UV.014
		WARNING: No materials have been assigned: 
		num positions      :  2593
		num normals        :  2593
		num tangents       :  0
		num uvs            :  5186
		num uvs2           :  0
		num colors         :  0
		num triangles      :  960
	processing begun of mesh:  Esfera UV.015
		processing begun of material:  Materiais.059
		num positions      :  2593
		num normals        :  2593
		num tangents       :  0
		num uvs            :  5186
		num uvs2           :  0
		num colors         :  0
		num triangles      :  960
	processing begun of mesh:  Esfera UV.016
		processing begun of material:  Materiais.060
		num positions      :  2593
		num normals        :  2593
		num tangents       :  0
		num uvs            :  5186
		num uvs2           :  0
		num colors         :  0
		num triangles      :  960
	processing begun of mesh:  Esfera UV.017
		WARNING: No materials have been assigned: 
		num positions      :  2593
		num normals        :  2593
		num tangents       :  0
		num uvs            :  5186
		num uvs2           :  0
		num colors         :  0
		num triangles      :  960
	processing begun of mesh:  Esfera UV.018
		WARNING: No materials have been assigned: 
		num positions      :  2593
		num normals        :  2593
		num tangents       :  0
		num uvs            :  5186
		num uvs2           :  0
		num colors         :  0
		num triangles      :  960
	processing begun of mesh:  Esfera UV.019
		WARNING: No materials have been assigned: 
		num positions      :  2593
		num normals        :  2593
		num tangents       :  0
		num uvs            :  5186
		num uvs2           :  0
		num colors         :  0
		num triangles      :  960
	processing begun of mesh:  Esfera UV.020
		WARNING: No materials have been assigned: 
		num positions      :  2593
		num normals        :  2593
		num tangents       :  0
		num uvs            :  5186
		num uvs2           :  0
		num colors         :  0
		num triangles      :  960
	processing begun of mesh:  Esfera UV.021
		processing begun of material:  Materiais.053
		num positions      :  2593
		num normals        :  2593
		num tangents       :  0
		num uvs            :  5186
		num uvs2           :  0
		num colors         :  0
		num triangles      :  960
	processing begun of mesh:  Esfera UV.022
		processing begun of material:  Materiais.054
		num positions      :  2593
		num normals        :  2593
		num tangents       :  0
		num uvs            :  5186
		num uvs2           :  0
		num colors         :  0
		num triangles      :  960
	processing begun of mesh:  Esfera UV.023
		processing begun of material:  Materiais.062
		num positions      :  2593
		num normals        :  2593
		num tangents       :  0
		num uvs            :  5186
		num uvs2           :  0
		num colors         :  0
		num triangles      :  960
	processing begun of mesh:  Esfera UV.024
		WARNING: No materials have been assigned: 
		num positions      :  2593
		num normals        :  2593
		num tangents       :  0
		num uvs            :  5186
		num uvs2           :  0
		num colors         :  0
		num triangles      :  960
	processing begun of mesh:  Esfera UV.025
		processing begun of material:  Materiais.057
		num positions      :  2593
		num normals        :  2593
		num tangents       :  0
		num uvs            :  5186
		num uvs2           :  0
		num colors         :  0
		num triangles      :  960
	processing begun of mesh:  Esfera UV.026
		WARNING: No materials have been assigned: 
		num positions      :  2593
		num normals        :  2593
		num tangents       :  0
		num uvs            :  5186
		num uvs2           :  0
		num colors         :  0
		num triangles      :  960
	processing begun of mesh:  Esfera UV.027
		WARNING: No materials have been assigned: 
		num positions      :  2593
		num normals        :  2593
		num tangents       :  0
		num uvs            :  5186
		num uvs2           :  0
		num colors         :  0
		num triangles      :  960
	processing begun of mesh:  Esfera UV.028
		WARNING: No materials have been assigned: 
		num positions      :  2593
		num normals        :  2593
		num tangents       :  0
		num uvs            :  5186
		num uvs2           :  0
		num colors         :  0
		num triangles      :  960
	processing begun of mesh:  Esfera UV.029
		WARNING: No materials have been assigned: 
		num positions      :  2593
		num normals        :  2593
		num tangents       :  0
		num uvs            :  5186
		num uvs2           :  0
		num colors         :  0
		num triangles      :  960
	processing begun of mesh:  Esfera UV.030
		WARNING: No materials have been assigned: 
		num positions      :  2593
		num normals        :  2593
		num tangents       :  0
		num uvs            :  5186
		num uvs2           :  0
		num colors         :  0
		num triangles      :  960
	processing begun of mesh:  Esfera UV.031
		WARNING: No materials have been assigned: 
		num positions      :  2593
		num normals        :  2593
		num tangents       :  0
		num uvs            :  5186
		num uvs2           :  0
		num colors         :  0
		num triangles      :  960
	processing begun of mesh:  Esfera UV.032
		WARNING: No materials have been assigned: 
		num positions      :  2593
		num normals        :  2593
		num tangents       :  0
		num uvs            :  5186
		num uvs2           :  0
		num colors         :  0
		num triangles      :  960
	processing begun of mesh:  Esfera UV.033
		WARNING: No materials have been assigned: 
		num positions      :  2593
		num normals        :  2593
		num tangents       :  0
		num uvs            :  5186
		num uvs2           :  0
		num colors         :  0
		num triangles      :  960
	processing begun of mesh:  Esfera UV.034
		processing begun of material:  Materiais.056
		num positions      :  2593
		num normals        :  2593
		num tangents       :  0
		num uvs            :  5186
		num uvs2           :  0
		num colors         :  0
		num triangles      :  960
	processing begun of mesh:  Esfera UV.035
		processing begun of material:  Materiais.055
		num positions      :  2593
		num normals        :  2593
		num tangents       :  0
		num uvs            :  5186
		num uvs2           :  0
		num colors         :  0
		num triangles      :  960
	processing begun of mesh:  Cilindro.007
		processing begun of material:  Materiais.033
		num positions      :  130
		num normals        :  130
		num tangents       :  0
		num uvs            :  260
		num uvs2           :  0
		num colors         :  0
		num triangles      :  64
	processing begun of mesh:  Cubo.010
		processing begun of material:  Materiais.040
		num positions      :  29
		num normals        :  29
		num tangents       :  0
		num uvs            :  58
		num uvs2           :  0
		num colors         :  0
		num triangles      :  12
	processing begun of mesh:  Cubo.012
		processing begun of material:  Materiais.039
		num positions      :  29
		num normals        :  29
		num tangents       :  0
		num uvs            :  58
		num uvs2           :  0
		num colors         :  0
		num triangles      :  12
	processing begun of mesh:  Cubo.013
		processing begun of material:  Materiais.038
		num positions      :  29
		num normals        :  29
		num tangents       :  0
		num uvs            :  58
		num uvs2           :  0
		num colors         :  0
		num triangles      :  12
	processing begun of mesh:  Cubo.014
		processing begun of material:  Materiais.036
		num positions      :  29
		num normals        :  29
		num tangents       :  0
		num uvs            :  58
		num uvs2           :  0
		num colors         :  0
		num triangles      :  12
	processing begun of mesh:  Cubo.015
		processing begun of material:  Materiais.037
		num positions      :  29
		num normals        :  29
		num tangents       :  0
		num uvs            :  58
		num uvs2           :  0
		num colors         :  0
		num triangles      :  12
	processing begun of mesh:  Cubo.016
		processing begun of material:  Materiais.010
		num positions      :  29
		num normals        :  29
		num tangents       :  0
		num uvs            :  58
		num uvs2           :  0
		num colors         :  0
		num triangles      :  12
	processing begun of mesh:  Cubo.017
		processing begun of material:  Materiais.025
		num positions      :  29
		num normals        :  29
		num tangents       :  0
		num uvs            :  58
		num uvs2           :  0
		num colors         :  0
		num triangles      :  12
	processing begun of mesh:  Cilindro.008
		processing begun of material:  Materiais.007
		num positions      :  309
		num normals        :  309
		num tangents       :  0
		num uvs            :  618
		num uvs2           :  0
		num colors         :  0
		num triangles      :  124
	processing begun of mesh:  Cilindro.009
		processing begun of material:  Materiais.008
		num positions      :  309
		num normals        :  309
		num tangents       :  0
		num uvs            :  618
		num uvs2           :  0
		num colors         :  0
		num triangles      :  124
	processing begun of mesh:  Cilindro.010
		processing begun of material:  Materiais.005
		num positions      :  309
		num normals        :  309
		num tangents       :  0
		num uvs            :  618
		num uvs2           :  0
		num colors         :  0
		num triangles      :  124
	processing begun of mesh:  Cilindro.011
		WARNING: No materials have been assigned: 
		num positions      :  309
		num normals        :  309
		num tangents       :  0
		num uvs            :  618
		num uvs2           :  0
		num colors         :  0
		num triangles      :  124
	processing begun of mesh:  Cilindro.012
		processing begun of material:  Materiais.003
		num positions      :  309
		num normals        :  309
		num tangents       :  0
		num uvs            :  618
		num uvs2           :  0
		num colors         :  0
		num triangles      :  124
	processing begun of mesh:  Cilindro.013
		processing begun of material:  Materiais.004
		num positions      :  309
		num normals        :  309
		num tangents       :  0
		num uvs            :  618
		num uvs2           :  0
		num colors         :  0
		num triangles      :  124
	processing begun of mesh:  Cilindro.014
		processing begun of material:  Materiais.009
		num positions      :  309
		num normals        :  309
		num tangents       :  0
		num uvs            :  618
		num uvs2           :  0
		num colors         :  0
		num triangles      :  124
	processing begun of mesh:  Cilindro.015
		processing begun of material:  Materiais.032
		num positions      :  309
		num normals        :  309
		num tangents       :  0
		num uvs            :  618
		num uvs2           :  0
		num colors         :  0
		num triangles      :  124
	processing begun of mesh:  Cubo.018
		processing begun of material:  Materiais.049
		num positions      :  29
		num normals        :  29
		num tangents       :  0
		num uvs            :  58
		num uvs2           :  0
		num colors         :  0
		num triangles      :  12
	processing begun of mesh:  chao3
		processing begun of material:  Materiais.050
		num positions      :  29
		num normals        :  29
		num tangents       :  0
		num uvs            :  58
		num uvs2           :  0
		num colors         :  0
		num triangles      :  12
	processing begun of mesh:  chao4
		processing begun of material:  Materiais.051
		num positions      :  29
		num normals        :  29
		num tangents       :  0
		num uvs            :  58
		num uvs2           :  0
		num colors         :  0
		num triangles      :  12
	processing begun of mesh:  Cilindro.017
		processing begun of material:  Materiais.006
		num positions      :  309
		num normals        :  309
		num tangents       :  0
		num uvs            :  618
		num uvs2           :  0
		num colors         :  0
		num triangles      :  124
	processing begun of mesh:  Cubo.021
		processing begun of material:  Materiais.026
		num positions      :  29
		num normals        :  29
		num tangents       :  0
		num uvs            :  58
		num uvs2           :  0
		num colors         :  0
		num triangles      :  12
	processing begun of mesh:  Cilindro.018
		processing begun of material:  Materiais.013
		num positions      :  309
		num normals        :  309
		num tangents       :  0
		num uvs            :  618
		num uvs2           :  0
		num colors         :  0
		num triangles      :  124
	processing begun of mesh:  Cilindro.019
		processing begun of material:  Materiais.012
		num positions      :  309
		num normals        :  309
		num tangents       :  0
		num uvs            :  618
		num uvs2           :  0
		num colors         :  0
		num triangles      :  124
	processing begun of mesh:  Cilindro.020
		processing begun of material:  Materiais.011
		num positions      :  309
		num normals        :  309
		num tangents       :  0
		num uvs            :  618
		num uvs2           :  0
		num colors         :  0
		num triangles      :  124
	processing begun of mesh:  Cilindro.021
		processing begun of material:  Materiais.018
		num positions      :  309
		num normals        :  309
		num tangents       :  0
		num uvs            :  618
		num uvs2           :  0
		num colors         :  0
		num triangles      :  124
	processing begun of mesh:  Cilindro.022
		processing begun of material:  Materiais.017
		num positions      :  309
		num normals        :  309
		num tangents       :  0
		num uvs            :  618
		num uvs2           :  0
		num colors         :  0
		num triangles      :  124
	processing begun of mesh:  Cilindro.023
		processing begun of material:  Materiais.016
		num positions      :  309
		num normals        :  309
		num tangents       :  0
		num uvs            :  618
		num uvs2           :  0
		num colors         :  0
		num triangles      :  124
	processing begun of mesh:  Cilindro.024
		processing begun of material:  Materiais.015
		num positions      :  309
		num normals        :  309
		num tangents       :  0
		num uvs            :  618
		num uvs2           :  0
		num colors         :  0
		num triangles      :  124
	processing begun of mesh:  Cilindro.025
		processing begun of material:  Materiais.014
		num positions      :  309
		num normals        :  309
		num tangents       :  0
		num uvs            :  618
		num uvs2           :  0
		num colors         :  0
		num triangles      :  124
	processing begun of mesh:  Cilindro.030
		processing begun of material:  Materiais.023
		num positions      :  309
		num normals        :  309
		num tangents       :  0
		num uvs            :  618
		num uvs2           :  0
		num colors         :  0
		num triangles      :  124
	processing begun of mesh:  Cilindro.029
		processing begun of material:  Materiais.022
		num positions      :  309
		num normals        :  309
		num tangents       :  0
		num uvs            :  618
		num uvs2           :  0
		num colors         :  0
		num triangles      :  124
	processing begun of mesh:  Cilindro.028
		processing begun of material:  Materiais.021
		num positions      :  309
		num normals        :  309
		num tangents       :  0
		num uvs            :  618
		num uvs2           :  0
		num colors         :  0
		num triangles      :  124
	processing begun of mesh:  Cilindro.027
		processing begun of material:  Materiais.020
		num positions      :  309
		num normals        :  309
		num tangents       :  0
		num uvs            :  618
		num uvs2           :  0
		num colors         :  0
		num triangles      :  124
	processing begun of mesh:  Cilindro.026
		processing begun of material:  Materiais.019
		num positions      :  309
		num normals        :  309
		num tangents       :  0
		num uvs            :  618
		num uvs2           :  0
		num colors         :  0
		num triangles      :  124
	processing begun of mesh:  Cilindro.035
		processing begun of material:  Materiais.067
		num positions      :  309
		num normals        :  309
		num tangents       :  0
		num uvs            :  618
		num uvs2           :  0
		num colors         :  0
		num triangles      :  124
	processing begun of mesh:  Cilindro.034
		processing begun of material:  Materiais.066
		num positions      :  309
		num normals        :  309
		num tangents       :  0
		num uvs            :  618
		num uvs2           :  0
		num colors         :  0
		num triangles      :  124
	processing begun of mesh:  Cilindro.033
		processing begun of material:  Materiais.065
		num positions      :  309
		num normals        :  309
		num tangents       :  0
		num uvs            :  618
		num uvs2           :  0
		num colors         :  0
		num triangles      :  124
	processing begun of mesh:  Cilindro.032
		processing begun of material:  Materiais.064
		num positions      :  309
		num normals        :  309
		num tangents       :  0
		num uvs            :  618
		num uvs2           :  0
		num colors         :  0
		num triangles      :  124
	processing begun of mesh:  Cilindro.031
		processing begun of material:  Materiais.063
		num positions      :  309
		num normals        :  309
		num tangents       :  0
		num uvs            :  618
		num uvs2           :  0
		num colors         :  0
		num triangles      :  124
	processing begun of mesh:  Cilindro.040
		processing begun of material:  Materiais.072
		num positions      :  309
		num normals        :  309
		num tangents       :  0
		num uvs            :  618
		num uvs2           :  0
		num colors         :  0
		num triangles      :  124
	processing begun of mesh:  Cilindro.039
		processing begun of material:  Materiais.071
		num positions      :  309
		num normals        :  309
		num tangents       :  0
		num uvs            :  618
		num uvs2           :  0
		num colors         :  0
		num triangles      :  124
	processing begun of mesh:  Cilindro.038
		processing begun of material:  Materiais.070
		num positions      :  309
		num normals        :  309
		num tangents       :  0
		num uvs            :  618
		num uvs2           :  0
		num colors         :  0
		num triangles      :  124
	processing begun of mesh:  Cilindro.037
		processing begun of material:  Materiais.069
		num positions      :  309
		num normals        :  309
		num tangents       :  0
		num uvs            :  618
		num uvs2           :  0
		num colors         :  0
		num triangles      :  124
	processing begun of mesh:  Cilindro.036
		processing begun of material:  Materiais.068
		num positions      :  309
		num normals        :  309
		num tangents       :  0
		num uvs            :  618
		num uvs2           :  0
		num colors         :  0
		num triangles      :  124
	processing begun of mesh:  Cilindro.045
		processing begun of material:  Materiais.077
		num positions      :  309
		num normals        :  309
		num tangents       :  0
		num uvs            :  618
		num uvs2           :  0
		num colors         :  0
		num triangles      :  124
	processing begun of mesh:  Cilindro.044
		processing begun of material:  Materiais.076
		num positions      :  309
		num normals        :  309
		num tangents       :  0
		num uvs            :  618
		num uvs2           :  0
		num colors         :  0
		num triangles      :  124
	processing begun of mesh:  Cilindro.043
		processing begun of material:  Materiais.075
		num positions      :  309
		num normals        :  309
		num tangents       :  0
		num uvs            :  618
		num uvs2           :  0
		num colors         :  0
		num triangles      :  124
	processing begun of mesh:  Cilindro.042
		processing begun of material:  Materiais.074
		num positions      :  309
		num normals        :  309
		num tangents       :  0
		num uvs            :  618
		num uvs2           :  0
		num colors         :  0
		num triangles      :  124
	processing begun of mesh:  Cilindro.041
		processing begun of material:  Materiais.073
		num positions      :  309
		num normals        :  309
		num tangents       :  0
		num uvs            :  618
		num uvs2           :  0
		num colors         :  0
		num triangles      :  124
	processing begun of mesh:  Cilindro.050
		processing begun of material:  Materiais.082
		num positions      :  309
		num normals        :  309
		num tangents       :  0
		num uvs            :  618
		num uvs2           :  0
		num colors         :  0
		num triangles      :  124
	processing begun of mesh:  Cilindro.049
		processing begun of material:  Materiais.081
		num positions      :  309
		num normals        :  309
		num tangents       :  0
		num uvs            :  618
		num uvs2           :  0
		num colors         :  0
		num triangles      :  124
	processing begun of mesh:  Cilindro.048
		processing begun of material:  Materiais.080
		num positions      :  309
		num normals        :  309
		num tangents       :  0
		num uvs            :  618
		num uvs2           :  0
		num colors         :  0
		num triangles      :  124
	processing begun of mesh:  Cilindro.047
		processing begun of material:  Materiais.079
		num positions      :  309
		num normals        :  309
		num tangents       :  0
		num uvs            :  618
		num uvs2           :  0
		num colors         :  0
		num triangles      :  124
	processing begun of mesh:  Cilindro.046
		processing begun of material:  Materiais.078
		num positions      :  309
		num normals        :  309
		num tangents       :  0
		num uvs            :  618
		num uvs2           :  0
		num colors         :  0
		num triangles      :  124
	processing begun of mesh:  Cilindro.055
		processing begun of material:  Materiais.087
		num positions      :  309
		num normals        :  309
		num tangents       :  0
		num uvs            :  618
		num uvs2           :  0
		num colors         :  0
		num triangles      :  124
	processing begun of mesh:  Cilindro.054
		processing begun of material:  Materiais.086
		num positions      :  309
		num normals        :  309
		num tangents       :  0
		num uvs            :  618
		num uvs2           :  0
		num colors         :  0
		num triangles      :  124
	processing begun of mesh:  Cilindro.053
		processing begun of material:  Materiais.085
		num positions      :  309
		num normals        :  309
		num tangents       :  0
		num uvs            :  618
		num uvs2           :  0
		num colors         :  0
		num triangles      :  124
	processing begun of mesh:  Cilindro.052
		processing begun of material:  Materiais.084
		num positions      :  309
		num normals        :  309
		num tangents       :  0
		num uvs            :  618
		num uvs2           :  0
		num colors         :  0
		num triangles      :  124
	processing begun of mesh:  Cilindro.051
		processing begun of material:  Materiais.083
		num positions      :  309
		num normals        :  309
		num tangents       :  0
		num uvs            :  618
		num uvs2           :  0
		num colors         :  0
		num triangles      :  124
	processing begun of mesh:  Cilindro.060
		processing begun of material:  Materiais.092
		num positions      :  309
		num normals        :  309
		num tangents       :  0
		num uvs            :  618
		num uvs2           :  0
		num colors         :  0
		num triangles      :  124
	processing begun of mesh:  Cilindro.059
		processing begun of material:  Materiais.091
		num positions      :  309
		num normals        :  309
		num tangents       :  0
		num uvs            :  618
		num uvs2           :  0
		num colors         :  0
		num triangles      :  124
	processing begun of mesh:  Cilindro.058
		processing begun of material:  Materiais.090
		num positions      :  309
		num normals        :  309
		num tangents       :  0
		num uvs            :  618
		num uvs2           :  0
		num colors         :  0
		num triangles      :  124
	processing begun of mesh:  Cilindro.057
		processing begun of material:  Materiais.089
		num positions      :  309
		num normals        :  309
		num tangents       :  0
		num uvs            :  618
		num uvs2           :  0
		num colors         :  0
		num triangles      :  124
	processing begun of mesh:  Cilindro.056
		processing begun of material:  Materiais.088
		num positions      :  309
		num normals        :  309
		num tangents       :  0
		num uvs            :  618
		num uvs2           :  0
		num colors         :  0
		num triangles      :  124
	processing begun of mesh:  Cubo.022
		processing begun of material:  Materiais.093
		num positions      :  29
		num normals        :  29
		num tangents       :  0
		num uvs            :  58
		num uvs2           :  0
		num colors         :  0
		num triangles      :  12
	processing begun of mesh:  Cubo.023
		processing begun of material:  Materiais.094
		num positions      :  29
		num normals        :  29
		num tangents       :  0
		num uvs            :  58
		num uvs2           :  0
		num colors         :  0
		num triangles      :  12
	processing begun of mesh:  Cubo.024
		processing begun of material:  Materiais.095
		num positions      :  29
		num normals        :  29
		num tangents       :  0
		num uvs            :  58
		num uvs2           :  0
		num colors         :  0
		num triangles      :  12
	processing begun of mesh:  Cubo.025
		processing begun of material:  Materiais.096
		num positions      :  29
		num normals        :  29
		num tangents       :  0
		num uvs            :  58
		num uvs2           :  0
		num colors         :  0
		num triangles      :  12
	processing begun of mesh:  Cilindro.016
		processing begun of material:  Materiais.097
		num positions      :  309
		num normals        :  309
		num tangents       :  0
		num uvs            :  618
		num uvs2           :  0
		num colors         :  0
		num triangles      :  124
	processing begun of mesh:  Cilindro.061
		processing begun of material:  Materiais.098
		num positions      :  309
		num normals        :  309
		num tangents       :  0
		num uvs            :  618
		num uvs2           :  0
		num colors         :  0
		num triangles      :  124
	processing begun of mesh:  Cubo.027
		processing begun of material:  Materiais.100
		num positions      :  29
		num normals        :  29
		num tangents       :  0
		num uvs            :  58
		num uvs2           :  0
		num colors         :  0
		num triangles      :  12
	processing begun of mesh:  Cubo.029
		processing begun of material:  Materiais.102
		num positions      :  29
		num normals        :  29
		num tangents       :  0
		num uvs            :  58
		num uvs2           :  0
		num colors         :  0
		num triangles      :  12
	processing begun of mesh:  Cubo.030
		processing begun of material:  Materiais.103
		num positions      :  29
		num normals        :  29
		num tangents       :  0
		num uvs            :  58
		num uvs2           :  0
		num colors         :  0
		num triangles      :  12
	processing begun of mesh:  Cubo.031
		processing begun of material:  Materiais.104
		num positions      :  29
		num normals        :  29
		num tangents       :  0
		num uvs            :  58
		num uvs2           :  0
		num colors         :  0
		num triangles      :  12
	processing begun of mesh:  Cubo.033
		processing begun of material:  Materiais.106
		num positions      :  29
		num normals        :  29
		num tangents       :  0
		num uvs            :  58
		num uvs2           :  0
		num colors         :  0
		num triangles      :  12
	processing begun of mesh:  plataforma1
		processing begun of material:  Materiais.105
		num positions      :  355
		num normals        :  355
		num tangents       :  0
		num uvs            :  710
		num uvs2           :  0
		num colors         :  0
		num triangles      :  136
	processing begun of mesh:  Cubo.035
		processing begun of material:  Materiais.108
		num positions      :  29
		num normals        :  29
		num tangents       :  0
		num uvs            :  58
		num uvs2           :  0
		num colors         :  0
		num triangles      :  12
	processing begun of mesh:  Cubo.034
		processing begun of material:  Materiais.109
		num positions      :  29
		num normals        :  29
		num tangents       :  0
		num uvs            :  58
		num uvs2           :  0
		num colors         :  0
		num triangles      :  12
	processing begun of mesh:  chao1
		processing begun of material:  Materiais.110
		num positions      :  29
		num normals        :  29
		num tangents       :  0
		num uvs            :  58
		num uvs2           :  0
		num colors         :  0
		num triangles      :  12
	processing begun of mesh:  esferaMovel
		WARNING: No materials have been assigned: 
		num positions      :  2593
		num normals        :  2593
		num tangents       :  0
		num uvs            :  5186
		num uvs2           :  0
		num colors         :  0
		num triangles      :  960
	processing begun of mesh:  Esfera UV.036
		WARNING: No materials have been assigned: 
		num positions      :  2593
		num normals        :  2593
		num tangents       :  0
		num uvs            :  5186
		num uvs2           :  0
		num colors         :  0
		num triangles      :  960
	processing begun of mesh:  Esfera UV.037
		WARNING: No materials have been assigned: 
		num positions      :  2593
		num normals        :  2593
		num tangents       :  0
		num uvs            :  5186
		num uvs2           :  0
		num colors         :  0
		num triangles      :  960
	processing begun of mesh:  Esfera UV.038
		WARNING: No materials have been assigned: 
		num positions      :  2593
		num normals        :  2593
		num tangents       :  0
		num uvs            :  5186
		num uvs2           :  0
		num colors         :  0
		num triangles      :  960
	processing begun of mesh:  Esfera UV.039
		WARNING: No materials have been assigned: 
		num positions      :  2593
		num normals        :  2593
		num tangents       :  0
		num uvs            :  5186
		num uvs2           :  0
		num colors         :  0
		num triangles      :  960
	processing begun of mesh:  helice1
		processing begun of material:  Materiais.123
		processing begun of material:  Materiais.124
		processing begun of multimaterial:  aaaa.Multimaterial#0
		num positions      :  59
		num normals        :  59
		num tangents       :  0
		num uvs            :  118
		num uvs2           :  0
		num colors         :  0
		num triangles      :  24
	processing begun of mesh:  Esfera UV.040
		WARNING: No materials have been assigned: 
		num positions      :  2593
		num normals        :  2593
		num tangents       :  0
		num uvs            :  5186
		num uvs2           :  0
		num colors         :  0
		num triangles      :  960
	processing begun of mesh:  Esfera UV.041
		WARNING: No materials have been assigned: 
		num positions      :  2593
		num normals        :  2593
		num tangents       :  0
		num uvs            :  5186
		num uvs2           :  0
		num colors         :  0
		num triangles      :  960
	processing begun of mesh:  Esfera UV.042
		WARNING: No materials have been assigned: 
		num positions      :  2593
		num normals        :  2593
		num tangents       :  0
		num uvs            :  5186
		num uvs2           :  0
		num colors         :  0
		num triangles      :  960
	processing begun of mesh:  Esfera UV.043
		WARNING: No materials have been assigned: 
		num positions      :  2593
		num normals        :  2593
		num tangents       :  0
		num uvs            :  5186
		num uvs2           :  0
		num colors         :  0
		num triangles      :  960
	processing begun of mesh:  Esfera UV.044
		WARNING: No materials have been assigned: 
		num positions      :  2593
		num normals        :  2593
		num tangents       :  0
		num uvs            :  5186
		num uvs2           :  0
		num colors         :  0
		num triangles      :  960
	processing begun of mesh:  Cubo.043
		processing begun of material:  Materiais.125
		num positions      :  29
		num normals        :  29
		num tangents       :  0
		num uvs            :  58
		num uvs2           :  0
		num colors         :  0
		num triangles      :  12
	processing begun of mesh:  placaPressao1
		processing begun of material:  Materiais.129
		num positions      :  29
		num normals        :  29
		num tangents       :  0
		num uvs            :  58
		num uvs2           :  0
		num colors         :  0
		num triangles      :  12
	processing begun of mesh:  parede
		processing begun of material:  Materiais
		num positions      :  4
		num normals        :  4
		num tangents       :  0
		num uvs            :  8
		num uvs2           :  0
		num colors         :  0
		num triangles      :  2
	processing begun of mesh:  esferaMovel.001
		WARNING: No materials have been assigned: 
		num positions      :  2593
		num normals        :  2593
		num tangents       :  0
		num uvs            :  5186
		num uvs2           :  0
		num colors         :  0
		num triangles      :  960
	processing begun of mesh:  domino.001
		processing begun of material:  Materiais.118
		num positions      :  29
		num normals        :  29
		num tangents       :  0
		num uvs            :  58
		num uvs2           :  0
		num colors         :  0
		num triangles      :  12
	processing begun of mesh:  domino.003
		processing begun of material:  Materiais.119
		num positions      :  29
		num normals        :  29
		num tangents       :  0
		num uvs            :  58
		num uvs2           :  0
		num colors         :  0
		num triangles      :  12
	processing begun of mesh:  domino.005
		WARNING: No materials have been assigned: 
		num positions      :  29
		num normals        :  29
		num tangents       :  0
		num uvs            :  58
		num uvs2           :  0
		num colors         :  0
		num triangles      :  12
	processing begun of mesh:  Cilindro.062
		WARNING: No materials have been assigned: 
		num positions      :  309
		num normals        :  309
		num tangents       :  0
		num uvs            :  618
		num uvs2           :  0
		num colors         :  0
		num triangles      :  124
	processing begun of mesh:  Cilindro.063
		WARNING: No materials have been assigned: 
		num positions      :  309
		num normals        :  309
		num tangents       :  0
		num uvs            :  618
		num uvs2           :  0
		num colors         :  0
		num triangles      :  124
	processing begun of mesh:  Cilindro.064
		WARNING: No materials have been assigned: 
		num positions      :  309
		num normals        :  309
		num tangents       :  0
		num uvs            :  618
		num uvs2           :  0
		num colors         :  0
		num triangles      :  124
	processing begun of mesh:  Cilindro.066
		WARNING: No materials have been assigned: 
		num positions      :  309
		num normals        :  309
		num tangents       :  0
		num uvs            :  618
		num uvs2           :  0
		num colors         :  0
		num triangles      :  124
	processing begun of mesh:  Cilindro.067
		WARNING: No materials have been assigned: 
		num positions      :  309
		num normals        :  309
		num tangents       :  0
		num uvs            :  618
		num uvs2           :  0
		num colors         :  0
		num triangles      :  124
	processing begun of mesh:  Cilindro.068
		WARNING: No materials have been assigned: 
		num positions      :  309
		num normals        :  309
		num tangents       :  0
		num uvs            :  618
		num uvs2           :  0
		num colors         :  0
		num triangles      :  124
	processing begun of mesh:  Cilindro.069
		WARNING: No materials have been assigned: 
		num positions      :  309
		num normals        :  309
		num tangents       :  0
		num uvs            :  618
		num uvs2           :  0
		num colors         :  0
		num triangles      :  124
	processing begun of mesh:  Cilindro.070
		WARNING: No materials have been assigned: 
		num positions      :  309
		num normals        :  309
		num tangents       :  0
		num uvs            :  618
		num uvs2           :  0
		num colors         :  0
		num triangles      :  124
	processing begun of mesh:  Cilindro.071
		processing begun of material:  Materiais.002
		num positions      :  309
		num normals        :  309
		num tangents       :  0
		num uvs            :  618
		num uvs2           :  0
		num colors         :  0
		num triangles      :  124
	processing begun of mesh:  Cilindro.072
		processing begun of material:  Materiais.107
		num positions      :  309
		num normals        :  309
		num tangents       :  0
		num uvs            :  618
		num uvs2           :  0
		num colors         :  0
		num triangles      :  124
	processing begun of mesh:  Cubo.004
		processing begun of material:  Materiais.112
		num positions      :  29
		num normals        :  29
		num tangents       :  0
		num uvs            :  58
		num uvs2           :  0
		num colors         :  0
		num triangles      :  12
	processing begun of mesh:  domino.002
		processing begun of material:  Materiais.117
		num positions      :  29
		num normals        :  29
		num tangents       :  0
		num uvs            :  58
		num uvs2           :  0
		num colors         :  0
		num triangles      :  12
	processing begun of mesh:  Cone
		processing begun of material:  Materiais.116
		num positions      :  1279
		num normals        :  1279
		num tangents       :  0
		num uvs            :  2558
		num uvs2           :  0
		num colors         :  0
		num triangles      :  512
		WARNING: # of 0 area faces found:  64
	processing begun of mesh:  Cubo
		processing begun of material:  Materiais.113
		num positions      :  29
		num normals        :  29
		num tangents       :  0
		num uvs            :  58
		num uvs2           :  0
		num colors         :  0
		num triangles      :  12
	processing begun of mesh:  parede.001
		processing begun of material:  Materiais.114
		num positions      :  4
		num normals        :  4
		num tangents       :  0
		num uvs            :  8
		num uvs2           :  0
		num colors         :  0
		num triangles      :  2
	processing begun of mesh:  Cubo.019
		processing begun of material:  Materiais.115
		num positions      :  29
		num normals        :  29
		num tangents       :  0
		num uvs            :  58
		num uvs2           :  0
		num colors         :  0
		num triangles      :  12
	processing begun of mesh:  Cubo.020
		processing begun of material:  Materiais.120
		num positions      :  29
		num normals        :  29
		num tangents       :  0
		num uvs            :  58
		num uvs2           :  0
		num colors         :  0
		num triangles      :  12
	processing begun of mesh:  placaPressao1.001
		processing begun of material:  Materiais.121
		num positions      :  29
		num normals        :  29
		num tangents       :  0
		num uvs            :  58
		num uvs2           :  0
		num colors         :  0
		num triangles      :  12
========= Writing of JSON file started =========
	writing mesh:  Cubo.001
	writing mesh:  Cubo.002
	writing mesh:  Cubo.003
	writing mesh:  chao2
	writing mesh:  Cubo.005
	writing mesh:  Cubo.006
	writing mesh:  Cilindro
	writing mesh:  Cilindro.001
	writing mesh:  Cilindro.002
	writing mesh:  Cilindro.003
	writing mesh:  Cilindro.004
	writing mesh:  Cilindro.005
	writing mesh:  Cubo.007
	writing mesh:  Cubo.008
	writing mesh:  Cilindro.006
	writing mesh:  Cubo.009
	writing mesh:  Cubo.011
	writing mesh:  Esfera UV
	writing mesh:  Esfera UV.001
	writing mesh:  Esfera UV.002
	writing mesh:  Esfera UV.003
	writing mesh:  Esfera UV.004
	writing mesh:  Esfera UV.005
	writing mesh:  Esfera UV.006
	writing mesh:  Esfera UV.007
	writing mesh:  Esfera UV.008
	writing mesh:  Esfera UV.009
	writing mesh:  Esfera UV.010
	writing mesh:  Esfera UV.011
	writing mesh:  Esfera UV.012
	writing mesh:  Esfera UV.013
	writing mesh:  Esfera UV.014
	writing mesh:  Esfera UV.015
	writing mesh:  Esfera UV.016
	writing mesh:  Esfera UV.017
	writing mesh:  Esfera UV.018
	writing mesh:  Esfera UV.019
	writing mesh:  Esfera UV.020
	writing mesh:  Esfera UV.021
	writing mesh:  Esfera UV.022
	writing mesh:  Esfera UV.023
	writing mesh:  Esfera UV.024
	writing mesh:  Esfera UV.025
	writing mesh:  Esfera UV.026
	writing mesh:  Esfera UV.027
	writing mesh:  Esfera UV.028
	writing mesh:  Esfera UV.029
	writing mesh:  Esfera UV.030
	writing mesh:  Esfera UV.031
	writing mesh:  Esfera UV.032
	writing mesh:  Esfera UV.033
	writing mesh:  Esfera UV.034
	writing mesh:  Esfera UV.035
	writing mesh:  Cilindro.007
	writing mesh:  Cubo.010
	writing mesh:  Cubo.012
	writing mesh:  Cubo.013
	writing mesh:  Cubo.014
	writing mesh:  Cubo.015
	writing mesh:  Cubo.016
	writing mesh:  Cubo.017
	writing mesh:  Cilindro.008
	writing mesh:  Cilindro.009
	writing mesh:  Cilindro.010
	writing mesh:  Cilindro.011
	writing mesh:  Cilindro.012
	writing mesh:  Cilindro.013
	writing mesh:  Cilindro.014
	writing mesh:  Cilindro.015
	writing mesh:  Cubo.018
	writing mesh:  chao3
	writing mesh:  chao4
	writing mesh:  Cilindro.017
	writing mesh:  Cubo.021
	writing mesh:  Cilindro.018
	writing mesh:  Cilindro.019
	writing mesh:  Cilindro.020
	writing mesh:  Cilindro.021
	writing mesh:  Cilindro.022
	writing mesh:  Cilindro.023
	writing mesh:  Cilindro.024
	writing mesh:  Cilindro.025
	writing mesh:  Cilindro.030
	writing mesh:  Cilindro.029
	writing mesh:  Cilindro.028
	writing mesh:  Cilindro.027
	writing mesh:  Cilindro.026
	writing mesh:  Cilindro.035
	writing mesh:  Cilindro.034
	writing mesh:  Cilindro.033
	writing mesh:  Cilindro.032
	writing mesh:  Cilindro.031
	writing mesh:  Cilindro.040
	writing mesh:  Cilindro.039
	writing mesh:  Cilindro.038
	writing mesh:  Cilindro.037
	writing mesh:  Cilindro.036
	writing mesh:  Cilindro.045
	writing mesh:  Cilindro.044
	writing mesh:  Cilindro.043
	writing mesh:  Cilindro.042
	writing mesh:  Cilindro.041
	writing mesh:  Cilindro.050
	writing mesh:  Cilindro.049
	writing mesh:  Cilindro.048
	writing mesh:  Cilindro.047
	writing mesh:  Cilindro.046
	writing mesh:  Cilindro.055
	writing mesh:  Cilindro.054
	writing mesh:  Cilindro.053
	writing mesh:  Cilindro.052
	writing mesh:  Cilindro.051
	writing mesh:  Cilindro.060
	writing mesh:  Cilindro.059
	writing mesh:  Cilindro.058
	writing mesh:  Cilindro.057
	writing mesh:  Cilindro.056
	writing mesh:  Cubo.022
	writing mesh:  Cubo.023
	writing mesh:  Cubo.024
	writing mesh:  Cubo.025
	writing mesh:  Cilindro.016
	writing mesh:  Cilindro.061
	writing mesh:  Cubo.027
	writing mesh:  Cubo.029
	writing mesh:  Cubo.030
	writing mesh:  Cubo.031
	writing mesh:  Cubo.033
	writing mesh:  plataforma1
	writing mesh:  Cubo.035
	writing mesh:  Cubo.034
	writing mesh:  chao1
	writing mesh:  esferaMovel
	writing mesh:  Esfera UV.036
	writing mesh:  Esfera UV.037
	writing mesh:  Esfera UV.038
	writing mesh:  Esfera UV.039
	writing mesh:  helice1
	writing mesh:  Esfera UV.040
	writing mesh:  Esfera UV.041
	writing mesh:  Esfera UV.042
	writing mesh:  Esfera UV.043
	writing mesh:  Esfera UV.044
	writing mesh:  Cubo.043
	writing mesh:  placaPressao1
	writing mesh:  parede
	writing mesh:  esferaMovel.001
	writing mesh:  domino.001
	writing mesh:  domino.003
	writing mesh:  domino.005
	writing mesh:  Cilindro.062
	writing mesh:  Cilindro.063
	writing mesh:  Cilindro.064
	writing mesh:  Cilindro.066
	writing mesh:  Cilindro.067
	writing mesh:  Cilindro.068
	writing mesh:  Cilindro.069
	writing mesh:  Cilindro.070
	writing mesh:  Cilindro.071
	writing mesh:  Cilindro.072
	writing mesh:  Cubo.004
	writing mesh:  domino.002
	writing mesh:  Cone
	writing mesh:  Cubo
	writing mesh:  parede.001
	writing mesh:  Cubo.019
	writing mesh:  Cubo.020
	writing mesh:  placaPressao1.001
========= Writing of JSON file completed =========
========= end of processing =========
elapsed time:  0 min, 9.5116 secs
